
> @money-wise/backend@0.4.1 lint /home/nemesi/dev/money-wise/apps/backend
> eslint "{src,apps,libs,test}/**/*.ts" --fix


/home/nemesi/dev/money-wise/apps/backend/src/auth/services/audit-log.service.ts
  263:68  warning  Forbidden non-null assertion  @typescript-eslint/no-non-null-assertion
  267:68  warning  Forbidden non-null assertion  @typescript-eslint/no-non-null-assertion

/home/nemesi/dev/money-wise/apps/backend/src/auth/services/email-verification.service.ts
  141:33  warning  Forbidden non-null assertion  @typescript-eslint/no-non-null-assertion

/home/nemesi/dev/money-wise/apps/backend/src/auth/services/two-factor-auth.service.ts
  74:48  warning  Forbidden non-null assertion  @typescript-eslint/no-non-null-assertion
  94:17  warning  Forbidden non-null assertion  @typescript-eslint/no-non-null-assertion

/home/nemesi/dev/money-wise/apps/backend/src/core/database/migrations/1759998888888-AddTimescaleDBSupport.ts
  12:17  warning  Unexpected console statement  no-console

/home/nemesi/dev/money-wise/apps/backend/src/core/database/repositories/impl/base.repository.ts
  57:26  warning  Unexpected any. Specify a different type  @typescript-eslint/no-explicit-any

/home/nemesi/dev/money-wise/apps/backend/src/core/database/test-database.module.ts
   84:5  warning  Unexpected console statement  no-console
   96:5  warning  Unexpected console statement  no-console
   97:5  warning  Unexpected console statement  no-console
  152:7  warning  Unexpected console statement  no-console
  154:7  warning  Unexpected console statement  no-console

/home/nemesi/dev/money-wise/apps/backend/src/core/database/tests/database-test-suite.ts
   57:5  warning  Unexpected console statement  no-console
   63:5  warning  Unexpected console statement  no-console
   98:7  warning  Unexpected console statement  no-console
  120:7  warning  Unexpected console statement  no-console
  133:5  warning  Unexpected console statement  no-console
  155:7  warning  Unexpected console statement  no-console
  156:7  warning  Unexpected console statement  no-console
  157:7  warning  Unexpected console statement  no-console
  168:5  warning  Unexpected console statement  no-console
  190:5  warning  Unexpected console statement  no-console
  197:5  warning  Unexpected console statement  no-console
  223:5  warning  Unexpected console statement  no-console
  230:5  warning  Unexpected console statement  no-console
  252:9  warning  Unexpected console statement  no-console
  266:5  warning  Unexpected console statement  no-console
  273:5  warning  Unexpected console statement  no-console
  295:5  warning  Unexpected console statement  no-console
  296:5  warning  Unexpected console statement  no-console
  297:5  warning  Unexpected console statement  no-console
  298:5  warning  Unexpected console statement  no-console
  299:5  warning  Unexpected console statement  no-console
  300:5  warning  Unexpected console statement  no-console
  307:5  warning  Unexpected console statement  no-console
  337:5  warning  Unexpected console statement  no-console
  460:5  warning  Unexpected console statement  no-console
  462:5  warning  Unexpected console statement  no-console
  469:5  warning  Unexpected console statement  no-console
  470:5  warning  Unexpected console statement  no-console
  472:5  warning  Unexpected console statement  no-console
  473:5  warning  Unexpected console statement  no-console
  474:5  warning  Unexpected console statement  no-console
  475:5  warning  Unexpected console statement  no-console
  476:5  warning  Unexpected console statement  no-console
  477:5  warning  Unexpected console statement  no-console
  478:5  warning  Unexpected console statement  no-console
  480:5  warning  Unexpected console statement  no-console
  481:5  warning  Unexpected console statement  no-console
  482:5  warning  Unexpected console statement  no-console
  484:5  warning  Unexpected console statement  no-console
  485:5  warning  Unexpected console statement  no-console
  486:5  warning  Unexpected console statement  no-console
  487:5  warning  Unexpected console statement  no-console
  489:5  warning  Unexpected console statement  no-console
  490:5  warning  Unexpected console statement  no-console
  491:5  warning  Unexpected console statement  no-console
  492:5  warning  Unexpected console statement  no-console
  495:7  warning  Unexpected console statement  no-console
  497:9  warning  Unexpected console statement  no-console
  501:5  warning  Unexpected console statement  no-console

/home/nemesi/dev/money-wise/apps/backend/src/core/database/tests/database-test.config.ts
   51:7   warning  Unexpected console statement  no-console
   54:7   warning  Unexpected console statement  no-console
   59:12  warning  Forbidden non-null assertion  @typescript-eslint/no-non-null-assertion
   85:7   warning  Unexpected console statement  no-console
  137:7   warning  Unexpected console statement  no-console
  142:9   warning  Unexpected console statement  no-console
  192:11  warning  Forbidden non-null assertion  @typescript-eslint/no-non-null-assertion
  227:5   warning  Unexpected console statement  no-console
  244:7   warning  Unexpected console statement  no-console

/home/nemesi/dev/money-wise/apps/backend/src/core/database/tests/factories/test-data.factory.ts
  621:5  warning  Unexpected console statement  no-console
  645:5  warning  Unexpected console statement  no-console

/home/nemesi/dev/money-wise/apps/backend/src/core/database/tests/jest.database.global-setup.ts
   9:3  warning  Unexpected console statement  no-console
  20:5  warning  Unexpected console statement  no-console
  23:5  warning  Unexpected console statement  no-console
  36:3  warning  Unexpected console statement  no-console

/home/nemesi/dev/money-wise/apps/backend/src/core/database/tests/jest.database.global-teardown.ts
   7:3  warning  Unexpected console statement  no-console
  17:3  warning  Unexpected console statement  no-console

/home/nemesi/dev/money-wise/apps/backend/src/core/database/tests/jest.database.setup.ts
  20:3  warning  Unexpected console statement  no-console
  29:3  warning  Unexpected console statement  no-console

/home/nemesi/dev/money-wise/apps/backend/src/core/database/tests/run-database-tests.ts
  13:3  warning  Unexpected console statement  no-console
  14:3  warning  Unexpected console statement  no-console
  24:7  warning  Unexpected console statement  no-console
  26:7  warning  Unexpected console statement  no-console
  27:7  warning  Unexpected console statement  no-console
  33:5  warning  Unexpected console statement  no-console
  45:3  warning  Unexpected console statement  no-console
  50:3  warning  Unexpected console statement  no-console

✖ 88 problems (0 errors, 88 warnings)

