
> @money-wise/ui@0.1.0 build /home/nemesi/dev/money-wise/packages/ui
> tsup

CLI Building entry: src/index.ts
CLI Using tsconfig: tsconfig.json
CLI tsup v8.5.0
CLI Using tsup config: /home/nemesi/dev/money-wise/packages/ui/tsup.config.ts
CLI Target: es2020
CLI Cleaning output folder
CJS Build start
ESM Build start
CJS dist/index.js     791.00 B
CJS dist/index.js.map 187.00 B
CJS ⚡️ Build success in 16ms
ESM dist/index.mjs     34.00 B
ESM dist/index.mjs.map 71.00 B
ESM ⚡️ Build success in 16ms
DTS Build start
DTS ⚡️ Build success in 826ms
DTS dist/index.d.ts  13.00 B
DTS dist/index.d.mts 13.00 B
